  test.cpp
C:\Users\朱艳\Desktop\C\2023.9.19\2023.9.19\test.cpp(110,9): warning C4552: ”<“: 未使用表达式结果
C:\Users\朱艳\Desktop\C\2023.9.19\2023.9.19\test.cpp(110,17): error C2143: 语法错误: 缺少“;”(在“)”的前面)
C:\Users\朱艳\Desktop\C\2023.9.19\2023.9.19\test.cpp(113,10): warning C4552: ”<“: 未使用表达式结果
C:\Users\朱艳\Desktop\C\2023.9.19\2023.9.19\test.cpp(113,18): error C2143: 语法错误: 缺少“;”(在“)”的前面)
